<?xml version="1.0" encoding="UTF-8"?>
<testsuite name="com.example.app.util.OffsetPageRequestTest" tests="3" skipped="0" failures="0" errors="0" timestamp="2026-09-04T09:28:39" hostname="apix-dev" time="0.007">
  <properties/>
  <testcase name="acceptsLimitAtMaximum()" classname="com.example.app.util.OffsetPageRequestTest" time="0.002"/>
  <testcase name="rejectsNegativeOffset()" classname="com.example.app.util.OffsetPageRequestTest" time="0.002"/>
  <testcase name="rejectsLimitAboveMaximum()" classname="com.example.app.util.OffsetPageRequestTest" time="0.001"/>
  <system-out><![CDATA[]]></system-out>
  <system-err><![CDATA[]]></system-err>
</testsuite>
